# JRE version: Java(TM) SE Runtime Environment (14.0.1+7) (build 14.0.1+7)
# Java VM: Java HotSpot(TM) 64-Bit Server VM (14.0.1+7, mixed mode, sharing, tiered, compressed oops, g1 gc, windows-amd64)
Heap:
 garbage-first heap   total 78848K, used 36543K [0x0000000701e00000, 0x0000000800000000)
  region size 1024K, 12 young (12288K), 4 survivors (4096K)
 Metaspace       used 46045K, capacity 47415K, committed 47516K, reserved 1089536K
  class space    used 6316K, capacity 6853K, committed 6908K, reserved 1048576K
GC Heap History (20 events):
Event: 4.121 GC heap before
{Heap before GC invocations=8 (full 0):
 garbage-first heap   total 315392K, used 195577K [0x0000000701e00000, 0x0000000800000000)
  region size 1024K, 184 young (188416K), 7 survivors (7168K)
 Metaspace       used 18463K, capacity 19297K, committed 19456K, reserved 1067008K
  class space    used 2453K, capacity 2756K, committed 2816K, reserved 1048576K
}
Event: 4.126 GC heap after
{Heap after GC invocations=9 (full 0):
 garbage-first heap   total 315392K, used 18013K [0x0000000701e00000, 0x0000000800000000)
  region size 1024K, 9 young (9216K), 9 survivors (9216K)
 Metaspace       used 18463K, capacity 19297K, committed 19456K, reserved 1067008K
  class space    used 2453K, capacity 2756K, committed 2816K, reserved 1048576K
}
Event: 4.277 GC heap before
{Heap before GC invocations=9 (full 0):
 garbage-first heap   total 315392K, used 41565K [0x0000000701e00000, 0x0000000800000000)
  region size 1024K, 33 young (33792K), 9 survivors (9216K)
 Metaspace       used 20340K, capacity 21183K, committed 21248K, reserved 1067008K
  class space    used 2726K, capacity 3063K, committed 3072K, reserved 1048576K
}
Event: 4.282 GC heap after
{Heap after GC invocations=10 (full 0):
 garbage-first heap   total 315392K, used 17895K [0x0000000701e00000, 0x0000000800000000)
  region size 1024K, 9 young (9216K), 9 survivors (9216K)
 Metaspace       used 20340K, capacity 21183K, committed 21248K, reserved 1067008K
  class space    used 2726K, capacity 3063K, committed 3072K, reserved 1048576K
}
Event: 4.508 GC heap before
{Heap before GC invocations=11 (full 0):
 garbage-first heap   total 65536K, used 47591K [0x0000000701e00000, 0x0000000800000000)
  region size 1024K, 38 young (38912K), 9 survivors (9216K)
 Metaspace       used 23571K, capacity 24626K, committed 24956K, reserved 1071104K
  class space    used 3211K, capacity 3611K, committed 3708K, reserved 1048576K
}
Event: 4.519 GC heap after
{Heap after GC invocations=12 (full 0):
 garbage-first heap   total 65536K, used 20479K [0x0000000701e00000, 0x0000000800000000)
  region size 1024K, 4 young (4096K), 4 survivors (4096K)
 Metaspace       used 23571K, capacity 24626K, committed 24956K, reserved 1071104K
  class space    used 3211K, capacity 3611K, committed 3708K, reserved 1048576K
}
Event: 4.584 GC heap before
{Heap before GC invocations=12 (full 0):
 garbage-first heap   total 65536K, used 51199K [0x0000000701e00000, 0x0000000800000000)
  region size 1024K, 35 young (35840K), 4 survivors (4096K)
 Metaspace       used 24642K, capacity 25707K, committed 25852K, reserved 1071104K
  class space    used 3308K, capacity 3715K, committed 3836K, reserved 1048576K
}
Event: 4.589 GC heap after
{Heap after GC invocations=13 (full 0):
 garbage-first heap   total 78848K, used 20508K [0x0000000701e00000, 0x0000000800000000)
  region size 1024K, 3 young (3072K), 3 survivors (3072K)
 Metaspace       used 24642K, capacity 25707K, committed 25852K, reserved 1071104K
  class space    used 3308K, capacity 3715K, committed 3836K, reserved 1048576K
}
Event: 11.362 GC heap before
{Heap before GC invocations=13 (full 0):
 garbage-first heap   total 78848K, used 62492K [0x0000000701e00000, 0x0000000800000000)
  region size 1024K, 45 young (46080K), 3 survivors (3072K)
 Metaspace       used 25772K, capacity 26941K, committed 27004K, reserved 1073152K
  class space    used 3470K, capacity 3908K, committed 3964K, reserved 1048576K
}
Event: 11.365 GC heap after
{Heap after GC invocations=14 (full 0):
 garbage-first heap   total 78848K, used 20995K [0x0000000701e00000, 0x0000000800000000)
  region size 1024K, 4 young (4096K), 4 survivors (4096K)
 Metaspace       used 25772K, capacity 26941K, committed 27004K, reserved 1073152K
  class space    used 3470K, capacity 3908K, committed 3964K, reserved 1048576K
}
Event: 11.649 GC heap before
{Heap before GC invocations=14 (full 0):
 garbage-first heap   total 78848K, used 64003K [0x0000000701e00000, 0x0000000800000000)
  region size 1024K, 46 young (47104K), 4 survivors (4096K)
 Metaspace       used 32352K, capacity 33482K, committed 33660K, reserved 1077248K
  class space    used 4432K, capacity 4848K, committed 4988K, reserved 1048576K
}
Event: 11.654 GC heap after
{Heap after GC invocations=15 (full 0):
 garbage-first heap   total 78848K, used 23731K [0x0000000701e00000, 0x0000000800000000)
  region size 1024K, 4 young (4096K), 4 survivors (4096K)
 Metaspace       used 32352K, capacity 33482K, committed 33660K, reserved 1077248K
  class space    used 4432K, capacity 4848K, committed 4988K, reserved 1048576K
}
Event: 11.761 GC heap before
{Heap before GC invocations=15 (full 0):
 garbage-first heap   total 78848K, used 36019K [0x0000000701e00000, 0x0000000800000000)
  region size 1024K, 17 young (17408K), 4 survivors (4096K)
 Metaspace       used 34725K, capacity 35842K, committed 35964K, reserved 1079296K
  class space    used 4712K, capacity 5144K, committed 5244K, reserved 1048576K
}
Event: 11.764 GC heap after
{Heap after GC invocations=16 (full 0):
 garbage-first heap   total 78848K, used 24849K [0x0000000701e00000, 0x0000000800000000)
  region size 1024K, 4 young (4096K), 4 survivors (4096K)
 Metaspace       used 34725K, capacity 35842K, committed 35964K, reserved 1079296K
  class space    used 4712K, capacity 5144K, committed 5244K, reserved 1048576K
}
Event: 11.989 GC heap before
{Heap before GC invocations=17 (full 0):
 garbage-first heap   total 78848K, used 56593K [0x0000000701e00000, 0x0000000800000000)
  region size 1024K, 35 young (35840K), 4 survivors (4096K)
 Metaspace       used 39613K, capacity 40818K, committed 40988K, reserved 1085440K
  class space    used 5480K, capacity 5969K, committed 6012K, reserved 1048576K
}
Event: 11.992 GC heap after
{Heap after GC invocations=18 (full 0):
 garbage-first heap   total 78848K, used 25715K [0x0000000701e00000, 0x0000000800000000)
  region size 1024K, 2 young (2048K), 2 survivors (2048K)
 Metaspace       used 39613K, capacity 40818K, committed 40988K, reserved 1085440K
  class space    used 5480K, capacity 5969K, committed 6012K, reserved 1048576K
}
Event: 12.262 GC heap before
{Heap before GC invocations=18 (full 0):
 garbage-first heap   total 78848K, used 58483K [0x0000000701e00000, 0x0000000800000000)
  region size 1024K, 34 young (34816K), 2 survivors (2048K)
 Metaspace       used 42513K, capacity 43763K, committed 43932K, reserved 1087488K
  class space    used 5868K, capacity 6347K, committed 6396K, reserved 1048576K
}
Event: 12.265 GC heap after
{Heap after GC invocations=19 (full 0):
 garbage-first heap   total 78848K, used 27763K [0x0000000701e00000, 0x0000000800000000)
  region size 1024K, 4 young (4096K), 4 survivors (4096K)
 Metaspace       used 42513K, capacity 43763K, committed 43932K, reserved 1087488K
  class space    used 5868K, capacity 6347K, committed 6396K, reserved 1048576K
}
Event: 12.468 GC heap before
{Heap before GC invocations=19 (full 0):
 garbage-first heap   total 78848K, used 59507K [0x0000000701e00000, 0x0000000800000000)
  region size 1024K, 35 young (35840K), 4 survivors (4096K)
 Metaspace       used 45647K, capacity 46973K, committed 47260K, reserved 1089536K
  class space    used 6265K, capacity 6795K, committed 6908K, reserved 1048576K
}
Event: 12.472 GC heap after
{Heap after GC invocations=20 (full 0):
 garbage-first heap   total 78848K, used 29375K [0x0000000701e00000, 0x0000000800000000)
  region size 1024K, 4 young (4096K), 4 survivors (4096K)
 Metaspace       used 45647K, capacity 46973K, committed 47260K, reserved 1089536K
  class space    used 6265K, capacity 6795K, committed 6908K, reserved 1048576K
}

